<?xml version="1.0" encoding="UTF-8"?>
<!-- Generated by org.testng.reporters.JUnitXMLReporter -->
<testsuite ignored="1" hostname="DESKTOP-MTQ2I3G" failures="1" tests="1" name="Test2" time="8.606" errors="0" timestamp="2025-08-18T12:11:04 IST">
  <testcase classname="tests.ParaBankTestingBoth" name="Login" time="0.0">
    <failure type="org.testng.TestNGException" message="
Data Provider public java.lang.Object[][] utils.DataProviders.getLoginData() returned a null value">
      <![CDATA[org.testng.TestNGException: 
Data Provider public java.lang.Object[][] utils.DataProviders.getLoginData() returned a null value
at java.base/java.util.ArrayList.forEach(ArrayList.java:1604)
... Removed 24 stack frames]]>
    </failure>
  </testcase> <!-- Login -->
  <testcase classname="tests.ParaBankTestingBoth" name="RegisterNewUser" time="0.0">
    <ignored/>
  </testcase> <!-- RegisterNewUser -->
</testsuite> <!-- Test2 -->
