<?xml version="1.0" encoding="UTF-8"?>
<!-- Generated by org.testng.reporters.JUnitXMLReporter -->
<testsuite ignored="1" hostname="DESKTOP-MTQ2I3G" failures="1" tests="1" name="RegressionTests" time="8.646" errors="0" timestamp="2025-08-18T12:19:47 IST">
  <testcase classname="javaselenium1.ParaBankTestingBoth" name="Login" time="0.0">
    <failure type="org.testng.TestNGException" message="
Method public void javaselenium1.ParaBankTestingBoth.Login(java.lang.String,java.lang.String) throws java.lang.InterruptedException requires a @DataProvider named : logInTestData">
      <![CDATA[org.testng.TestNGException: 
Method public void javaselenium1.ParaBankTestingBoth.Login(java.lang.String,java.lang.String) throws java.lang.InterruptedException requires a @DataProvider named : logInTestData
at java.base/java.util.ArrayList.forEach(ArrayList.java:1604)
... Removed 24 stack frames]]>
    </failure>
  </testcase> <!-- Login -->
  <testcase classname="javaselenium1.ParaBankTestingBoth" name="RegisterNewUser" time="0.0">
    <ignored/>
  </testcase> <!-- RegisterNewUser -->
</testsuite> <!-- RegressionTests -->
