<?xml version="1.0" encoding="UTF-8"?>
<!-- Generated by org.testng.reporters.JUnitXMLReporter -->
<testsuite ignored="0" hostname="DESKTOP-MTQ2I3G" failures="0" tests="4" name="AlertsPopupsPickers" time="43.334" errors="0" timestamp="2025-08-20T18:48:09 IST">
  <testcase classname="testdemo1.DemoAlert" name="testAlerts" time="15.182"/>
  <testcase classname="testdemo1.DemoPopup" name="testPopup" time="8.129"/>
  <testcase classname="testdemo1.DemoPicker" name="testColorPicker" time="7.996"/>
  <testcase classname="testdemo1.DemoPicker" name="testDatePicker" time="8.07"/>
</testsuite> <!-- AlertsPopupsPickers -->
