<?xml version="1.0" encoding="UTF-8"?>
<testng-results ignored="0" total="2" passed="2" failed="0" skipped="0">
  <reporter-output>
  </reporter-output>
  <suite started-at="2025-08-13T17:08:26 IST" name="Default suite" finished-at="2025-08-13T17:08:33 IST" duration-ms="7486">
    <groups>
    </groups>
    <test started-at="2025-08-13T17:08:26 IST" name="Default test" finished-at="2025-08-13T17:08:33 IST" duration-ms="7486">
      <class name="javaselenium1.ParaBankTestingBoth">
        <test-method is-config="true" signature="LunchBrowser()[pri:0, instance:javaselenium1.ParaBankTestingBoth@6b927fb]" started-at="2025-08-13T17:08:26 IST" name="LunchBrowser" finished-at="2025-08-13T17:08:27 IST" duration-ms="1315" status="PASS">
          <reporter-output>
          </reporter-output>
        </test-method> <!-- LunchBrowser -->
        <test-method signature="RegisterNewUser()[pri:1, instance:javaselenium1.ParaBankTestingBoth@6b927fb]" started-at="2025-08-13T17:08:27 IST" name="RegisterNewUser" finished-at="2025-08-13T17:08:31 IST" duration-ms="4322" status="PASS">
          <reporter-output>
          </reporter-output>
        </test-method> <!-- RegisterNewUser -->
        <test-method signature="Login()[pri:2, instance:javaselenium1.ParaBankTestingBoth@6b927fb]" started-at="2025-08-13T17:08:31 IST" name="Login" finished-at="2025-08-13T17:08:33 IST" duration-ms="1811" status="PASS">
          <reporter-output>
          </reporter-output>
        </test-method> <!-- Login -->
      </class> <!-- javaselenium1.ParaBankTestingBoth -->
    </test> <!-- Default test -->
  </suite> <!-- Default suite -->
</testng-results>
